Using pre-set license
Built from '2022.3/staging' branch; Version is '2022.3.41f1 (0f988161febf) revision 1022081'; Using compiler version '192829333'; Build Type 'Release'
OS: 'Windows 11  (10.0.22631) 64bit Core' Language: 'en' Physical Memory: 32683 MB
BatchMode: 1, IsHumanControllingUs: 0, StartBugReporterOnCrash: 0, Is64bit: 1, IsPro: 1

COMMAND LINE ARGUMENTS:
C:\Program Files\Unity\Hub\Editor\2022.3.41f1\Editor\Unity.exe
-adb2
-batchMode
-noUpm
-name
AssetImportWorker0
-projectPath
F:/GameDev/ATH Project/Against the Horde
-logFile
Logs/AssetImportWorker0.log
-srvPort
53979
Successfully changed project path to: F:/GameDev/ATH Project/Against the Horde
F:/GameDev/ATH Project/Against the Horde
[UnityMemory] Configuration Parameters - Can be set up in boot.config
    "memorysetup-bucket-allocator-granularity=16"
    "memorysetup-bucket-allocator-bucket-count=8"
    "memorysetup-bucket-allocator-block-size=33554432"
    "memorysetup-bucket-allocator-block-count=8"
    "memorysetup-main-allocator-block-size=16777216"
    "memorysetup-thread-allocator-block-size=16777216"
    "memorysetup-gfx-main-allocator-block-size=16777216"
    "memorysetup-gfx-thread-allocator-block-size=16777216"
    "memorysetup-cache-allocator-block-size=4194304"
    "memorysetup-typetree-allocator-block-size=2097152"
    "memorysetup-profiler-bucket-allocator-granularity=16"
    "memorysetup-profiler-bucket-allocator-bucket-count=8"
    "memorysetup-profiler-bucket-allocator-block-size=33554432"
    "memorysetup-profiler-bucket-allocator-block-count=8"
    "memorysetup-profiler-allocator-block-size=16777216"
    "memorysetup-profiler-editor-allocator-block-size=1048576"
    "memorysetup-temp-allocator-size-main=16777216"
    "memorysetup-job-temp-allocator-block-size=2097152"
    "memorysetup-job-temp-allocator-block-size-background=1048576"
    "memorysetup-job-temp-allocator-reduction-small-platforms=262144"
    "memorysetup-allocator-temp-initial-block-size-main=262144"
    "memorysetup-allocator-temp-initial-block-size-worker=262144"
    "memorysetup-temp-allocator-size-background-worker=32768"
    "memorysetup-temp-allocator-size-job-worker=262144"
    "memorysetup-temp-allocator-size-preload-manager=33554432"
    "memorysetup-temp-allocator-size-nav-mesh-worker=65536"
    "memorysetup-temp-allocator-size-audio-worker=65536"
    "memorysetup-temp-allocator-size-cloud-worker=32768"
    "memorysetup-temp-allocator-size-gi-baking-worker=262144"
    "memorysetup-temp-allocator-size-gfx=262144"
Player connection [28756]  Target information:

Player connection [28756]  * "[IP] 192.168.86.28 [Port] 0 [Flags] 2 [Guid] 3601040766 [EditorId] 3601040766 [Version] 1048832 [Id] WindowsEditor(7,Jax) [Debug] 1 [PackageName] WindowsEditor [ProjectName] Editor" 

Player connection [28756] Host joined multi-casting on [225.0.0.222:54997]...
Player connection [28756] Host joined alternative multi-casting on [225.0.0.222:34997]...
[PhysX] Initialized MultithreadedTaskDispatcher with 8 workers.
Refreshing native plugins compatible for Editor in 7.32 ms, found 4 plugins.
Preloading 0 native plugins for Editor in 0.00 ms.
Initialize engine version: 2022.3.41f1 (0f988161febf)
[Subsystems] Discovering subsystems at path C:/Program Files/Unity/Hub/Editor/2022.3.41f1/Editor/Data/Resources/UnitySubsystems
[Subsystems] Discovering subsystems at path F:/GameDev/ATH Project/Against the Horde/Assets
GfxDevice: creating device client; threaded=0; jobified=0
Direct3D:
    Version:  Direct3D 11.0 [level 11.1]
    Renderer: NVIDIA GeForce RTX 3080 Ti (ID=0x2208)
    Vendor:   NVIDIA
    VRAM:     12100 MB
    Driver:   31.0.15.3699
Initialize mono
Mono path[0] = 'C:/Program Files/Unity/Hub/Editor/2022.3.41f1/Editor/Data/Managed'
Mono path[1] = 'C:/Program Files/Unity/Hub/Editor/2022.3.41f1/Editor/Data/MonoBleedingEdge/lib/mono/unityjit-win32'
Mono config path = 'C:/Program Files/Unity/Hub/Editor/2022.3.41f1/Editor/Data/MonoBleedingEdge/etc'
Using monoOptions --debugger-agent=transport=dt_socket,embedding=1,server=y,suspend=n,address=127.0.0.1:56736
Begin MonoManager ReloadAssembly
Registering precompiled unity dll's ...
Register platform support module: C:/Program Files/Unity/Hub/Editor/2022.3.41f1/Editor/Data/PlaybackEngines/WindowsStandaloneSupport/UnityEditor.WindowsStandalone.Extensions.dll
Registered in 0.012594 seconds.
- Loaded All Assemblies, in  2.289 seconds
Native extension for WindowsStandalone target not found
Mono: successfully reloaded assembly
- Finished resetting the current domain, in  0.478 seconds
Domain Reload Profiling: 2767ms
	BeginReloadAssembly (707ms)
		ExecutionOrderSort (0ms)
		DisableScriptedObjects (0ms)
		BackupInstance (0ms)
		ReleaseScriptingObjects (0ms)
		CreateAndSetChildDomain (1ms)
	RebuildCommonClasses (869ms)
	RebuildNativeTypeToScriptingClass (68ms)
	initialDomainReloadingComplete (237ms)
	LoadAllAssembliesAndSetupDomain (407ms)
		LoadAssemblies (706ms)
		RebuildTransferFunctionScriptingTraits (0ms)
		AnalyzeDomain (403ms)
			TypeCache.Refresh (400ms)
				TypeCache.ScanAssembly (379ms)
			ScanForSourceGeneratedMonoScriptInfo (0ms)
			ResolveRequiredComponents (1ms)
	FinalizeReload (479ms)
		ReleaseScriptCaches (0ms)
		RebuildScriptCaches (0ms)
		SetupLoadedEditorAssemblies (367ms)
			LogAssemblyErrors (0ms)
			InitializePlatformSupportModulesInManaged (17ms)
			SetLoadedEditorAssemblies (9ms)
			RefreshPlugins (0ms)
			BeforeProcessingInitializeOnLoad (2ms)
			ProcessInitializeOnLoadAttributes (240ms)
			ProcessInitializeOnLoadMethodAttributes (99ms)
			AfterProcessingInitializeOnLoad (0ms)
			EditorAssembliesLoaded (0ms)
		ExecutionOrderSort2 (0ms)
		AwakeInstancesAfterBackupRestoration (0ms)
========================================================================
Worker process is ready to serve import requests
Caller must complete domain reload
Begin MonoManager ReloadAssembly
- Loaded All Assemblies, in  0.827 seconds
Native extension for WindowsStandalone target not found
Package Manager log level set to [2]
[Package Manager] Server::EnsureServerProcessIsRunning -- launch failed, reason: Unity was launched with the -noUpm command-line argument
[Package Manager] UpmClient::Send -- Unable to send message (not connected to UPM process).
[Package Manager] Cannot connect to Unity Package Manager local server
Mono: successfully reloaded assembly
- Finished resetting the current domain, in  1.096 seconds
Domain Reload Profiling: 1922ms
	BeginReloadAssembly (275ms)
		ExecutionOrderSort (0ms)
		DisableScriptedObjects (8ms)
		BackupInstance (0ms)
		ReleaseScriptingObjects (0ms)
		CreateAndSetChildDomain (36ms)
	RebuildCommonClasses (50ms)
	RebuildNativeTypeToScriptingClass (15ms)
	initialDomainReloadingComplete (57ms)
	LoadAllAssembliesAndSetupDomain (429ms)
		LoadAssemblies (400ms)
		RebuildTransferFunctionScriptingTraits (0ms)
		AnalyzeDomain (197ms)
			TypeCache.Refresh (167ms)
				TypeCache.ScanAssembly (149ms)
			ScanForSourceGeneratedMonoScriptInfo (23ms)
			ResolveRequiredComponents (6ms)
	FinalizeReload (1096ms)
		ReleaseScriptCaches (0ms)
		RebuildScriptCaches (0ms)
		SetupLoadedEditorAssemblies (879ms)
			LogAssemblyErrors (0ms)
			InitializePlatformSupportModulesInManaged (8ms)
			SetLoadedEditorAssemblies (4ms)
			RefreshPlugins (0ms)
			BeforeProcessingInitializeOnLoad (93ms)
			ProcessInitializeOnLoadAttributes (723ms)
			ProcessInitializeOnLoadMethodAttributes (45ms)
			AfterProcessingInitializeOnLoad (5ms)
			EditorAssembliesLoaded (0ms)
		ExecutionOrderSort2 (0ms)
		AwakeInstancesAfterBackupRestoration (9ms)
Launched and connected shader compiler UnityShaderCompiler.exe after 0.05 seconds
Refreshing native plugins compatible for Editor in 2.50 ms, found 4 plugins.
Preloading 0 native plugins for Editor in 0.00 ms.
Unloading 4060 Unused Serialized files (Serialized files now loaded: 0)
Unloading 38 unused Assets / (241.7 KB). Loaded Objects now: 4526.
Memory consumption went from 145.2 MB to 144.9 MB.
Total: 7.503300 ms (FindLiveObjects: 1.233600 ms CreateObjectMapping: 0.743900 ms MarkObjects: 5.129600 ms  DeleteObjects: 0.394500 ms)

AssetImportParameters requested are different than current active one (requested -> active):
  custom:container-demuxer-ogg: 62fdf1f143b41e24485cea50d1cbac27 -> 
  custom:video-codec-MediaFoundation-h265: 746d11721c4dcdbdad8f713fa42b33f4 -> 
  custom:video-decoder-ogg-theora: a1e56fd34408186e4bbccfd4996cb3dc -> 
  custom:framework-win-MediaFoundation: 216162199b28c13a410421893ffa2e32 -> 
  custom:CustomObjectIndexerAttribute: 9a22284fe3817be447336de3de66b15e -> 
  custom:container-demuxer-webm: 4f35f7cbe854078d1ac9338744f61a02 -> 
  custom:container-muxer-webm: aa71ff27fc2769a1b78a27578f13a17b -> 
  custom:video-decoder-webm-vp8: 9c59270c3fd7afecdb556c50c9e8de78 -> 
  custom:SearchIndexIgnoredProperties: e643bd26f0fe6173181afceb89e7c659 -> 
  custom:AudioImporter_EditorPlatform: d09bf68614088b80899f8185d706f6e7 -> 
  custom:video-encoder-webm-vp8: eb34c28f22e8b96e1ab97ce403110664 -> 
  custom:audio-decoder-ogg-vorbis: bf7c407c2cedff20999df2af8eb42d56 -> 
  custom:audio-encoder-webm-vorbis: bf7c407c2cedff20999df2af8eb42d56 -> 
========================================================================
Received Prepare
Caller must complete domain reload
Begin MonoManager ReloadAssembly
- Loaded All Assemblies, in  0.738 seconds
Native extension for WindowsStandalone target not found
[Package Manager] Server::EnsureServerProcessIsRunning -- launch failed, reason: Unity was launched with the -noUpm command-line argument
[Package Manager] UpmClient::Send -- Unable to send message (not connected to UPM process).
[Package Manager] Cannot connect to Unity Package Manager local server
Mono: successfully reloaded assembly
- Finished resetting the current domain, in  0.814 seconds
Domain Reload Profiling: 1552ms
	BeginReloadAssembly (435ms)
		ExecutionOrderSort (0ms)
		DisableScriptedObjects (275ms)
		BackupInstance (0ms)
		ReleaseScriptingObjects (0ms)
		CreateAndSetChildDomain (38ms)
	RebuildCommonClasses (40ms)
	RebuildNativeTypeToScriptingClass (12ms)
	initialDomainReloadingComplete (29ms)
	LoadAllAssembliesAndSetupDomain (222ms)
		LoadAssemblies (286ms)
		RebuildTransferFunctionScriptingTraits (0ms)
		AnalyzeDomain (28ms)
			TypeCache.Refresh (10ms)
				TypeCache.ScanAssembly (0ms)
			ScanForSourceGeneratedMonoScriptInfo (10ms)
			ResolveRequiredComponents (6ms)
	FinalizeReload (814ms)
		ReleaseScriptCaches (0ms)
		RebuildScriptCaches (0ms)
		SetupLoadedEditorAssemblies (614ms)
			LogAssemblyErrors (0ms)
			InitializePlatformSupportModulesInManaged (6ms)
			SetLoadedEditorAssemblies (3ms)
			RefreshPlugins (0ms)
			BeforeProcessingInitializeOnLoad (65ms)
			ProcessInitializeOnLoadAttributes (493ms)
			ProcessInitializeOnLoadMethodAttributes (40ms)
			AfterProcessingInitializeOnLoad (6ms)
			EditorAssembliesLoaded (0ms)
		ExecutionOrderSort2 (0ms)
		AwakeInstancesAfterBackupRestoration (14ms)
Refreshing native plugins compatible for Editor in 2.57 ms, found 4 plugins.
Preloading 0 native plugins for Editor in 0.00 ms.
Unloading 4042 Unused Serialized files (Serialized files now loaded: 0)
Unloading 25 unused Assets / (213.7 KB). Loaded Objects now: 4531.
Memory consumption went from 141.4 MB to 141.2 MB.
Total: 3.323100 ms (FindLiveObjects: 0.280500 ms CreateObjectMapping: 0.277200 ms MarkObjects: 2.609000 ms  DeleteObjects: 0.155000 ms)

Prepare: number of updated asset objects reloaded= 0
AssetImportParameters requested are different than current active one (requested -> active):
  custom:container-demuxer-ogg: 62fdf1f143b41e24485cea50d1cbac27 -> 
  custom:scripting/monoscript/fileName/CombatReferences.cs: 009185993bfc2544a12c8761a7c25c5b -> 604cd3ed104ef4c355e9b9089576a985
  custom:scripting/monoscript/fileName/EfGlowstorm.cs: aef0d75453bddf81d78ef37f18035e62 -> f0e1b3a22255b859675ec1afdc623277
  custom:video-codec-MediaFoundation-h265: 746d11721c4dcdbdad8f713fa42b33f4 -> 
  custom:video-decoder-ogg-theora: a1e56fd34408186e4bbccfd4996cb3dc -> 
  custom:scripting/monoscript/fileName/EfCommander.cs: 097f180db6e1f316797f3c17e486a487 -> 4038a09e3429ae0a7499a69e87b92da7
  custom:framework-win-MediaFoundation: 216162199b28c13a410421893ffa2e32 -> 
  custom:scripting/monoscript/fileName/PlayerDeckMGR.cs: a6848a8543fa2764e58d2a95fed93d5f -> 7713045e5df4f75376ef7c4e367de964
  custom:scripting/monoscript/fileName/HordeFieldMGR.cs: ff974d30b0216a581c806a1928f24bde -> 6571e1ff57ff0a69a9949223fb72bb37
  custom:scripting/monoscript/fileName/CardEffectDetails.cs: 39edd0f07769cee4c2181f630f772c0d -> 449cec2c3c28ec12669655981be35bd3
  custom:scripting/monoscript/fileName/CardData.cs: 2d4348c966d297da604b29aa10c653e6 -> ff29352d81ab3a40706c7a187282264f
  custom:scripting/monoscript/fileName/EfBlessingOfKings.cs: b748a6c59b9c40564b7a5d339bee7e1f -> 8a7e8c6c8366693144493f99517b7849
  custom:CustomObjectIndexerAttribute: 9a22284fe3817be447336de3de66b15e -> 
  custom:container-demuxer-webm: 4f35f7cbe854078d1ac9338744f61a02 -> 
  custom:scripting/monoscript/fileName/HordeDeckMGR.cs: 1e193bda6e32aa3be3ad61c3ea107c98 -> 6ab9da335411151b5748f32dbf6e19a6
  custom:scripting/monoscript/fileName/EfMiretoad.cs: 9d5809086a52f28e02dd8af245b10718 -> 739ce60c65a5b8fac1d98e5414a76fe4
  custom:scripting/monoscript/fileName/CombatMGR.cs: 8fa9bc53fd833f99d0e4b4c3eb7cf4b5 -> a1a15c00aa20cbed57b350591ab13759
  custom:container-muxer-webm: aa71ff27fc2769a1b78a27578f13a17b -> 
  custom:scripting/monoscript/fileName/PlayerHandMGR.cs: 684cc48f01dfc04ca92c6cf01162d6cc -> 48993c0abe769fdc2fa73d65ab8df609
  custom:video-decoder-webm-vp8: 9c59270c3fd7afecdb556c50c9e8de78 -> 
  custom:SearchIndexIgnoredProperties: e643bd26f0fe6173181afceb89e7c659 -> 
  custom:AudioImporter_EditorPlatform: d09bf68614088b80899f8185d706f6e7 -> 
  custom:scripting/monoscript/fileName/TurnMGR.cs: 12b5d121e6331e63f7e12f351749a398 -> f9aabcadf51854e7d4f88cac4616813f
  custom:scripting/monoscript/fileName/CardDetails.cs: 77fd08159fa0825cafd08818f5d97afe -> dde40ddec343986a8317c936ee24e5ac
  custom:scripting/monoscript/fileName/Effect.cs: c7d94fc23adfad4a111a04199aa4ca5c -> 21395456d56b2db76788fed93b9fa697
  custom:scripting/monoscript/fileName/EfCroak.cs: e9048ffa7a935e7f962a0ff923b1cb27 -> d1e928a869ec90611b5f5ee8ca20672f
  custom:video-encoder-webm-vp8: eb34c28f22e8b96e1ab97ce403110664 -> 
  custom:audio-decoder-ogg-vorbis: bf7c407c2cedff20999df2af8eb42d56 -> 
  custom:scripting/monoscript/fileName/HandHover.cs: 68728fbfd73bf5ddf43501f0cb5a57a7 -> 9758fd2621128e848c52ad0a95167782
  custom:scripting/monoscript/fileName/CardStateCTRL.cs: 800862ae26550972e2f6d96687813412 -> baed96e89745838c31f758e2900c5bf3
  custom:scripting/monoscript/fileName/GraveyardMGR.cs: 503162c834d5b794587270d331270423 -> e94b37c82d0e57ec78938fa5125c0844
  custom:audio-encoder-webm-vorbis: bf7c407c2cedff20999df2af8eb42d56 -> 
  custom:scripting/monoscript/fileName/PlayerFieldMGR.cs: b0a98c25c5a0189782cbcaf942fd0a91 -> 4eb8ff45ceb166cd9891e42e61da8100
  custom:scripting/precompiled-assembly-types:Assembly-CSharp: 8ae011121655f3169bb83cbcdab6e6b1 -> d6c373b37c0d320ed685648167180117
========================================================================
Received Prepare
Caller must complete domain reload
Begin MonoManager ReloadAssembly
- Loaded All Assemblies, in  0.452 seconds
Native extension for WindowsStandalone target not found
[Package Manager] Server::EnsureServerProcessIsRunning -- launch failed, reason: Unity was launched with the -noUpm command-line argument
[Package Manager] UpmClient::Send -- Unable to send message (not connected to UPM process).
[Package Manager] Cannot connect to Unity Package Manager local server
Mono: successfully reloaded assembly
- Finished resetting the current domain, in  1.045 seconds
Domain Reload Profiling: 1497ms
	BeginReloadAssembly (170ms)
		ExecutionOrderSort (0ms)
		DisableScriptedObjects (12ms)
		BackupInstance (0ms)
		ReleaseScriptingObjects (0ms)
		CreateAndSetChildDomain (35ms)
	RebuildCommonClasses (31ms)
	RebuildNativeTypeToScriptingClass (12ms)
	initialDomainReloadingComplete (26ms)
	LoadAllAssembliesAndSetupDomain (212ms)
		LoadAssemblies (276ms)
		RebuildTransferFunctionScriptingTraits (0ms)
		AnalyzeDomain (29ms)
			TypeCache.Refresh (12ms)
				TypeCache.ScanAssembly (1ms)
			ScanForSourceGeneratedMonoScriptInfo (10ms)
			ResolveRequiredComponents (6ms)
	FinalizeReload (1046ms)
		ReleaseScriptCaches (0ms)
		RebuildScriptCaches (0ms)
		SetupLoadedEditorAssemblies (562ms)
			LogAssemblyErrors (0ms)
			InitializePlatformSupportModulesInManaged (7ms)
			SetLoadedEditorAssemblies (3ms)
			RefreshPlugins (0ms)
			BeforeProcessingInitializeOnLoad (64ms)
			ProcessInitializeOnLoadAttributes (451ms)
			ProcessInitializeOnLoadMethodAttributes (31ms)
			AfterProcessingInitializeOnLoad (5ms)
			EditorAssembliesLoaded (0ms)
		ExecutionOrderSort2 (0ms)
		AwakeInstancesAfterBackupRestoration (13ms)
Refreshing native plugins compatible for Editor in 2.26 ms, found 4 plugins.
Preloading 0 native plugins for Editor in 0.00 ms.
Unloading 4042 Unused Serialized files (Serialized files now loaded: 0)
Unloading 25 unused Assets / (213.8 KB). Loaded Objects now: 4535.
Memory consumption went from 141.4 MB to 141.2 MB.
Total: 3.465300 ms (FindLiveObjects: 0.268300 ms CreateObjectMapping: 0.198200 ms MarkObjects: 2.810400 ms  DeleteObjects: 0.187000 ms)

Prepare: number of updated asset objects reloaded= 0
AssetImportParameters requested are different than current active one (requested -> active):
  custom:container-demuxer-ogg: 62fdf1f143b41e24485cea50d1cbac27 -> 
  custom:scripting/monoscript/fileName/CombatReferences.cs: 009185993bfc2544a12c8761a7c25c5b -> 604cd3ed104ef4c355e9b9089576a985
  custom:scripting/monoscript/fileName/EfGlowstorm.cs: aef0d75453bddf81d78ef37f18035e62 -> f0e1b3a22255b859675ec1afdc623277
  custom:video-codec-MediaFoundation-h265: 746d11721c4dcdbdad8f713fa42b33f4 -> 
  custom:video-decoder-ogg-theora: a1e56fd34408186e4bbccfd4996cb3dc -> 
  custom:scripting/monoscript/fileName/EfCommander.cs: 097f180db6e1f316797f3c17e486a487 -> 4038a09e3429ae0a7499a69e87b92da7
  custom:framework-win-MediaFoundation: 216162199b28c13a410421893ffa2e32 -> 
  custom:scripting/monoscript/fileName/PlayerDeckMGR.cs: a6848a8543fa2764e58d2a95fed93d5f -> 7713045e5df4f75376ef7c4e367de964
  custom:scripting/monoscript/fileName/HordeFieldMGR.cs: ff974d30b0216a581c806a1928f24bde -> 6571e1ff57ff0a69a9949223fb72bb37
  custom:scripting/monoscript/fileName/CardEffectDetails.cs: 39edd0f07769cee4c2181f630f772c0d -> 449cec2c3c28ec12669655981be35bd3
  custom:scripting/monoscript/fileName/CardData.cs: 2d4348c966d297da604b29aa10c653e6 -> ff29352d81ab3a40706c7a187282264f
  custom:scripting/monoscript/fileName/EfBlessingOfKings.cs: b748a6c59b9c40564b7a5d339bee7e1f -> 8a7e8c6c8366693144493f99517b7849
  custom:CustomObjectIndexerAttribute: 9a22284fe3817be447336de3de66b15e -> 
  custom:container-demuxer-webm: 4f35f7cbe854078d1ac9338744f61a02 -> 
  custom:scripting/monoscript/fileName/HordeDeckMGR.cs: 1e193bda6e32aa3be3ad61c3ea107c98 -> 6ab9da335411151b5748f32dbf6e19a6
  custom:scripting/monoscript/fileName/EfMiretoad.cs: 9d5809086a52f28e02dd8af245b10718 -> 739ce60c65a5b8fac1d98e5414a76fe4
  custom:scripting/monoscript/fileName/CombatMGR.cs: 8fa9bc53fd833f99d0e4b4c3eb7cf4b5 -> a1a15c00aa20cbed57b350591ab13759
  custom:container-muxer-webm: aa71ff27fc2769a1b78a27578f13a17b -> 
  custom:scripting/monoscript/fileName/PlayerHandMGR.cs: 684cc48f01dfc04ca92c6cf01162d6cc -> 48993c0abe769fdc2fa73d65ab8df609
  custom:video-decoder-webm-vp8: 9c59270c3fd7afecdb556c50c9e8de78 -> 
  custom:SearchIndexIgnoredProperties: e643bd26f0fe6173181afceb89e7c659 -> 
  custom:AudioImporter_EditorPlatform: d09bf68614088b80899f8185d706f6e7 -> 
  custom:scripting/monoscript/fileName/TurnMGR.cs: 12b5d121e6331e63f7e12f351749a398 -> f9aabcadf51854e7d4f88cac4616813f
  custom:scripting/monoscript/fileName/CardDetails.cs: 77fd08159fa0825cafd08818f5d97afe -> dde40ddec343986a8317c936ee24e5ac
  custom:scripting/monoscript/fileName/Effect.cs: c7d94fc23adfad4a111a04199aa4ca5c -> 21395456d56b2db76788fed93b9fa697
  custom:scripting/monoscript/fileName/EfCroak.cs: e9048ffa7a935e7f962a0ff923b1cb27 -> d1e928a869ec90611b5f5ee8ca20672f
  custom:video-encoder-webm-vp8: eb34c28f22e8b96e1ab97ce403110664 -> 
  custom:audio-decoder-ogg-vorbis: bf7c407c2cedff20999df2af8eb42d56 -> 
  custom:scripting/monoscript/fileName/HandHover.cs: 68728fbfd73bf5ddf43501f0cb5a57a7 -> 9758fd2621128e848c52ad0a95167782
  custom:scripting/monoscript/fileName/CardStateCTRL.cs: 800862ae26550972e2f6d96687813412 -> baed96e89745838c31f758e2900c5bf3
  custom:scripting/monoscript/fileName/GraveyardMGR.cs: 503162c834d5b794587270d331270423 -> e94b37c82d0e57ec78938fa5125c0844
  custom:audio-encoder-webm-vorbis: bf7c407c2cedff20999df2af8eb42d56 -> 
  custom:scripting/monoscript/fileName/PlayerFieldMGR.cs: b0a98c25c5a0189782cbcaf942fd0a91 -> 4eb8ff45ceb166cd9891e42e61da8100
  custom:scripting/precompiled-assembly-types:Assembly-CSharp: 8ae011121655f3169bb83cbcdab6e6b1 -> d6c373b37c0d320ed685648167180117
========================================================================
Received Import Request.
  Time since last request: 38443.696539 seconds.
  path: Assets/Resources/CardEffects/Player/Legion/BlessingOfKingsAsset.asset
  artifactKey: Guid(6a1bb8dac5334c34e9ce60e4966343dc) Importer(815301076,1909f56bfc062723c751e8b465ee728b)
Start importing Assets/Resources/CardEffects/Player/Legion/BlessingOfKingsAsset.asset using Guid(6a1bb8dac5334c34e9ce60e4966343dc) Importer(815301076,1909f56bfc062723c751e8b465ee728b) [PhysX] Initialized MultithreadedTaskDispatcher with 8 workers.
 -> (artifact id: 'cb4b7a7e0f9fbfd474c044d7e119b239') in 0.013449 seconds
Number of updated asset objects reloaded before import = 0
Number of asset objects unloaded after import = 1
========================================================================
Received Prepare
Caller must complete domain reload
Begin MonoManager ReloadAssembly
- Loaded All Assemblies, in  0.467 seconds
Native extension for WindowsStandalone target not found
[Package Manager] Server::EnsureServerProcessIsRunning -- launch failed, reason: Unity was launched with the -noUpm command-line argument
[Package Manager] UpmClient::Send -- Unable to send message (not connected to UPM process).
[Package Manager] Cannot connect to Unity Package Manager local server
Mono: successfully reloaded assembly
- Finished resetting the current domain, in  0.972 seconds
Domain Reload Profiling: 1437ms
	BeginReloadAssembly (169ms)
		ExecutionOrderSort (0ms)
		DisableScriptedObjects (12ms)
		BackupInstance (0ms)
		ReleaseScriptingObjects (0ms)
		CreateAndSetChildDomain (38ms)
	RebuildCommonClasses (35ms)
	RebuildNativeTypeToScriptingClass (11ms)
	initialDomainReloadingComplete (28ms)
	LoadAllAssembliesAndSetupDomain (222ms)
		LoadAssemblies (285ms)
		RebuildTransferFunctionScriptingTraits (0ms)
		AnalyzeDomain (28ms)
			TypeCache.Refresh (11ms)
				TypeCache.ScanAssembly (1ms)
			ScanForSourceGeneratedMonoScriptInfo (10ms)
			ResolveRequiredComponents (6ms)
	FinalizeReload (972ms)
		ReleaseScriptCaches (0ms)
		RebuildScriptCaches (0ms)
		SetupLoadedEditorAssemblies (543ms)
			LogAssemblyErrors (0ms)
			InitializePlatformSupportModulesInManaged (5ms)
			SetLoadedEditorAssemblies (3ms)
			RefreshPlugins (0ms)
			BeforeProcessingInitializeOnLoad (62ms)
			ProcessInitializeOnLoadAttributes (435ms)
			ProcessInitializeOnLoadMethodAttributes (33ms)
			AfterProcessingInitializeOnLoad (5ms)
			EditorAssembliesLoaded (0ms)
		ExecutionOrderSort2 (0ms)
		AwakeInstancesAfterBackupRestoration (12ms)
Refreshing native plugins compatible for Editor in 2.45 ms, found 4 plugins.
Preloading 0 native plugins for Editor in 0.00 ms.
Unloading 4041 Unused Serialized files (Serialized files now loaded: 0)
Unloading 25 unused Assets / (214.0 KB). Loaded Objects now: 4540.
Memory consumption went from 141.1 MB to 140.9 MB.
Total: 3.392700 ms (FindLiveObjects: 0.292000 ms CreateObjectMapping: 0.244300 ms MarkObjects: 2.699000 ms  DeleteObjects: 0.156100 ms)

Prepare: number of updated asset objects reloaded= 0
AssetImportParameters requested are different than current active one (requested -> active):
  custom:container-demuxer-ogg: 62fdf1f143b41e24485cea50d1cbac27 -> 
  custom:scripting/monoscript/fileName/CombatReferences.cs: 009185993bfc2544a12c8761a7c25c5b -> 604cd3ed104ef4c355e9b9089576a985
  custom:scripting/monoscript/fileName/EfGlowstorm.cs: aef0d75453bddf81d78ef37f18035e62 -> f0e1b3a22255b859675ec1afdc623277
  custom:video-codec-MediaFoundation-h265: 746d11721c4dcdbdad8f713fa42b33f4 -> 
  custom:video-decoder-ogg-theora: a1e56fd34408186e4bbccfd4996cb3dc -> 
  custom:scripting/monoscript/fileName/EfCommander.cs: 097f180db6e1f316797f3c17e486a487 -> 4038a09e3429ae0a7499a69e87b92da7
  custom:framework-win-MediaFoundation: 216162199b28c13a410421893ffa2e32 -> 
  custom:scripting/monoscript/fileName/PlayerDeckMGR.cs: a6848a8543fa2764e58d2a95fed93d5f -> 7713045e5df4f75376ef7c4e367de964
  custom:scripting/monoscript/fileName/HordeFieldMGR.cs: ff974d30b0216a581c806a1928f24bde -> 6571e1ff57ff0a69a9949223fb72bb37
  custom:scripting/monoscript/fileName/CardEffectDetails.cs: 39edd0f07769cee4c2181f630f772c0d -> 449cec2c3c28ec12669655981be35bd3
  custom:scripting/monoscript/fileName/CardData.cs: 2d4348c966d297da604b29aa10c653e6 -> ff29352d81ab3a40706c7a187282264f
  custom:scripting/monoscript/fileName/EfBlessingOfKings.cs: b748a6c59b9c40564b7a5d339bee7e1f -> 8a7e8c6c8366693144493f99517b7849
  custom:CustomObjectIndexerAttribute: 9a22284fe3817be447336de3de66b15e -> 
  custom:container-demuxer-webm: 4f35f7cbe854078d1ac9338744f61a02 -> 
  custom:scripting/monoscript/fileName/HordeDeckMGR.cs: 1e193bda6e32aa3be3ad61c3ea107c98 -> 6ab9da335411151b5748f32dbf6e19a6
  custom:scripting/monoscript/fileName/EfMiretoad.cs: 9d5809086a52f28e02dd8af245b10718 -> 739ce60c65a5b8fac1d98e5414a76fe4
  custom:scripting/monoscript/fileName/CombatMGR.cs: 8fa9bc53fd833f99d0e4b4c3eb7cf4b5 -> a1a15c00aa20cbed57b350591ab13759
  custom:container-muxer-webm: aa71ff27fc2769a1b78a27578f13a17b -> 
  custom:scripting/monoscript/fileName/PlayerHandMGR.cs: 684cc48f01dfc04ca92c6cf01162d6cc -> 48993c0abe769fdc2fa73d65ab8df609
  custom:video-decoder-webm-vp8: 9c59270c3fd7afecdb556c50c9e8de78 -> 
  custom:SearchIndexIgnoredProperties: e643bd26f0fe6173181afceb89e7c659 -> 
  custom:AudioImporter_EditorPlatform: d09bf68614088b80899f8185d706f6e7 -> 
  custom:scripting/monoscript/fileName/TurnMGR.cs: 12b5d121e6331e63f7e12f351749a398 -> f9aabcadf51854e7d4f88cac4616813f
  custom:scripting/monoscript/fileName/CardDetails.cs: 77fd08159fa0825cafd08818f5d97afe -> dde40ddec343986a8317c936ee24e5ac
  custom:scripting/monoscript/fileName/Effect.cs: c7d94fc23adfad4a111a04199aa4ca5c -> 21395456d56b2db76788fed93b9fa697
  custom:scripting/monoscript/fileName/EfCroak.cs: e9048ffa7a935e7f962a0ff923b1cb27 -> d1e928a869ec90611b5f5ee8ca20672f
  custom:video-encoder-webm-vp8: eb34c28f22e8b96e1ab97ce403110664 -> 
  custom:audio-decoder-ogg-vorbis: bf7c407c2cedff20999df2af8eb42d56 -> 
  custom:scripting/monoscript/fileName/HandHover.cs: 68728fbfd73bf5ddf43501f0cb5a57a7 -> 9758fd2621128e848c52ad0a95167782
  custom:scripting/monoscript/fileName/CardStateCTRL.cs: 800862ae26550972e2f6d96687813412 -> baed96e89745838c31f758e2900c5bf3
  custom:scripting/monoscript/fileName/GraveyardMGR.cs: 503162c834d5b794587270d331270423 -> e94b37c82d0e57ec78938fa5125c0844
  custom:audio-encoder-webm-vorbis: bf7c407c2cedff20999df2af8eb42d56 -> 
  custom:scripting/monoscript/fileName/PlayerFieldMGR.cs: b0a98c25c5a0189782cbcaf942fd0a91 -> 4eb8ff45ceb166cd9891e42e61da8100
  custom:scripting/precompiled-assembly-types:Assembly-CSharp: 0d6d0571c0b18b8c77a03edae3837402 -> d6c373b37c0d320ed685648167180117
========================================================================
Received Import Request.
  Time since last request: 563.488339 seconds.
  path: Assets/Resources/Prefabs/Card Prefab.prefab
  artifactKey: Guid(02b10268754690049b02882d46bda8c4) Importer(815301076,1909f56bfc062723c751e8b465ee728b)
Start importing Assets/Resources/Prefabs/Card Prefab.prefab using Guid(02b10268754690049b02882d46bda8c4) Importer(815301076,1909f56bfc062723c751e8b465ee728b) [PhysX] Initialized MultithreadedTaskDispatcher with 8 workers.
 -> (artifact id: 'b9502e01fcc0b3bded7b82ca56fda5de') in 0.002323 seconds
Number of updated asset objects reloaded before import = 0
Number of asset objects unloaded after import = 0
========================================================================
Received Prepare
Caller must complete domain reload
Begin MonoManager ReloadAssembly
- Loaded All Assemblies, in  0.486 seconds
Native extension for WindowsStandalone target not found
[Package Manager] Server::EnsureServerProcessIsRunning -- launch failed, reason: Unity was launched with the -noUpm command-line argument
[Package Manager] UpmClient::Send -- Unable to send message (not connected to UPM process).
[Package Manager] Cannot connect to Unity Package Manager local server
Mono: successfully reloaded assembly
- Finished resetting the current domain, in  1.048 seconds
Domain Reload Profiling: 1533ms
	BeginReloadAssembly (170ms)
		ExecutionOrderSort (0ms)
		DisableScriptedObjects (14ms)
		BackupInstance (0ms)
		ReleaseScriptingObjects (0ms)
		CreateAndSetChildDomain (36ms)
	RebuildCommonClasses (33ms)
	RebuildNativeTypeToScriptingClass (11ms)
	initialDomainReloadingComplete (27ms)
	LoadAllAssembliesAndSetupDomain (243ms)
		LoadAssemblies (301ms)
		RebuildTransferFunctionScriptingTraits (0ms)
		AnalyzeDomain (33ms)
			TypeCache.Refresh (11ms)
				TypeCache.ScanAssembly (0ms)
			ScanForSourceGeneratedMonoScriptInfo (12ms)
			ResolveRequiredComponents (9ms)
	FinalizeReload (1048ms)
		ReleaseScriptCaches (0ms)
		RebuildScriptCaches (0ms)
		SetupLoadedEditorAssemblies (592ms)
			LogAssemblyErrors (0ms)
			InitializePlatformSupportModulesInManaged (6ms)
			SetLoadedEditorAssemblies (3ms)
			RefreshPlugins (0ms)
			BeforeProcessingInitializeOnLoad (64ms)
			ProcessInitializeOnLoadAttributes (478ms)
			ProcessInitializeOnLoadMethodAttributes (35ms)
			AfterProcessingInitializeOnLoad (6ms)
			EditorAssembliesLoaded (0ms)
		ExecutionOrderSort2 (0ms)
		AwakeInstancesAfterBackupRestoration (16ms)
Refreshing native plugins compatible for Editor in 3.40 ms, found 4 plugins.
Preloading 0 native plugins for Editor in 0.00 ms.
Unloading 4041 Unused Serialized files (Serialized files now loaded: 0)
Unloading 25 unused Assets / (213.9 KB). Loaded Objects now: 4544.
Memory consumption went from 141.1 MB to 140.9 MB.
Total: 4.120200 ms (FindLiveObjects: 0.282900 ms CreateObjectMapping: 0.283200 ms MarkObjects: 3.374900 ms  DeleteObjects: 0.177600 ms)

Prepare: number of updated asset objects reloaded= 0
AssetImportParameters requested are different than current active one (requested -> active):
  custom:container-demuxer-ogg: 62fdf1f143b41e24485cea50d1cbac27 -> 
  custom:scripting/monoscript/fileName/CombatReferences.cs: 009185993bfc2544a12c8761a7c25c5b -> 604cd3ed104ef4c355e9b9089576a985
  custom:scripting/monoscript/fileName/EfGlowstorm.cs: aef0d75453bddf81d78ef37f18035e62 -> f0e1b3a22255b859675ec1afdc623277
  custom:video-codec-MediaFoundation-h265: 746d11721c4dcdbdad8f713fa42b33f4 -> 
  custom:video-decoder-ogg-theora: a1e56fd34408186e4bbccfd4996cb3dc -> 
  custom:scripting/monoscript/fileName/EfCommander.cs: 097f180db6e1f316797f3c17e486a487 -> 4038a09e3429ae0a7499a69e87b92da7
  custom:framework-win-MediaFoundation: 216162199b28c13a410421893ffa2e32 -> 
  custom:scripting/monoscript/fileName/PlayerDeckMGR.cs: a6848a8543fa2764e58d2a95fed93d5f -> 7713045e5df4f75376ef7c4e367de964
  custom:scripting/monoscript/fileName/HordeFieldMGR.cs: ff974d30b0216a581c806a1928f24bde -> 6571e1ff57ff0a69a9949223fb72bb37
  custom:scripting/monoscript/fileName/CardEffectDetails.cs: 39edd0f07769cee4c2181f630f772c0d -> 449cec2c3c28ec12669655981be35bd3
  custom:scripting/monoscript/fileName/CardData.cs: 2d4348c966d297da604b29aa10c653e6 -> ff29352d81ab3a40706c7a187282264f
  custom:scripting/monoscript/fileName/EfBlessingOfKings.cs: b748a6c59b9c40564b7a5d339bee7e1f -> 8a7e8c6c8366693144493f99517b7849
  custom:CustomObjectIndexerAttribute: 9a22284fe3817be447336de3de66b15e -> 
  custom:container-demuxer-webm: 4f35f7cbe854078d1ac9338744f61a02 -> 
  custom:scripting/monoscript/fileName/HordeDeckMGR.cs: 1e193bda6e32aa3be3ad61c3ea107c98 -> 6ab9da335411151b5748f32dbf6e19a6
  custom:scripting/monoscript/fileName/EfMiretoad.cs: 9d5809086a52f28e02dd8af245b10718 -> 739ce60c65a5b8fac1d98e5414a76fe4
  custom:scripting/monoscript/fileName/CombatMGR.cs: 8fa9bc53fd833f99d0e4b4c3eb7cf4b5 -> a1a15c00aa20cbed57b350591ab13759
  custom:container-muxer-webm: aa71ff27fc2769a1b78a27578f13a17b -> 
  custom:scripting/monoscript/fileName/PlayerHandMGR.cs: 684cc48f01dfc04ca92c6cf01162d6cc -> 48993c0abe769fdc2fa73d65ab8df609
  custom:video-decoder-webm-vp8: 9c59270c3fd7afecdb556c50c9e8de78 -> 
  custom:SearchIndexIgnoredProperties: e643bd26f0fe6173181afceb89e7c659 -> 
  custom:AudioImporter_EditorPlatform: d09bf68614088b80899f8185d706f6e7 -> 
  custom:scripting/monoscript/fileName/TurnMGR.cs: 12b5d121e6331e63f7e12f351749a398 -> f9aabcadf51854e7d4f88cac4616813f
  custom:scripting/monoscript/fileName/CardDetails.cs: 77fd08159fa0825cafd08818f5d97afe -> dde40ddec343986a8317c936ee24e5ac
  custom:scripting/monoscript/fileName/Effect.cs: c7d94fc23adfad4a111a04199aa4ca5c -> 21395456d56b2db76788fed93b9fa697
  custom:scripting/monoscript/fileName/EfCroak.cs: e9048ffa7a935e7f962a0ff923b1cb27 -> d1e928a869ec90611b5f5ee8ca20672f
  custom:video-encoder-webm-vp8: eb34c28f22e8b96e1ab97ce403110664 -> 
  custom:audio-decoder-ogg-vorbis: bf7c407c2cedff20999df2af8eb42d56 -> 
  custom:scripting/monoscript/fileName/HandHover.cs: 68728fbfd73bf5ddf43501f0cb5a57a7 -> 9758fd2621128e848c52ad0a95167782
  custom:scripting/monoscript/fileName/CardStateCTRL.cs: 800862ae26550972e2f6d96687813412 -> baed96e89745838c31f758e2900c5bf3
  custom:scripting/monoscript/fileName/GraveyardMGR.cs: 503162c834d5b794587270d331270423 -> e94b37c82d0e57ec78938fa5125c0844
  custom:audio-encoder-webm-vorbis: bf7c407c2cedff20999df2af8eb42d56 -> 
  custom:scripting/monoscript/fileName/PlayerFieldMGR.cs: b0a98c25c5a0189782cbcaf942fd0a91 -> 4eb8ff45ceb166cd9891e42e61da8100
  custom:scripting/precompiled-assembly-types:Assembly-CSharp: 0d6d0571c0b18b8c77a03edae3837402 -> d6c373b37c0d320ed685648167180117
========================================================================
Received Prepare
Caller must complete domain reload
Begin MonoManager ReloadAssembly
- Loaded All Assemblies, in  0.450 seconds
Native extension for WindowsStandalone target not found
[Package Manager] Server::EnsureServerProcessIsRunning -- launch failed, reason: Unity was launched with the -noUpm command-line argument
[Package Manager] UpmClient::Send -- Unable to send message (not connected to UPM process).
[Package Manager] Cannot connect to Unity Package Manager local server
Mono: successfully reloaded assembly
- Finished resetting the current domain, in  1.012 seconds
Domain Reload Profiling: 1461ms
	BeginReloadAssembly (162ms)
		ExecutionOrderSort (0ms)
		DisableScriptedObjects (11ms)
		BackupInstance (0ms)
		ReleaseScriptingObjects (0ms)
		CreateAndSetChildDomain (32ms)
	RebuildCommonClasses (35ms)
	RebuildNativeTypeToScriptingClass (11ms)
	initialDomainReloadingComplete (27ms)
	LoadAllAssembliesAndSetupDomain (214ms)
		LoadAssemblies (287ms)
		RebuildTransferFunctionScriptingTraits (0ms)
		AnalyzeDomain (17ms)
			TypeCache.Refresh (6ms)
				TypeCache.ScanAssembly (0ms)
			ScanForSourceGeneratedMonoScriptInfo (0ms)
			ResolveRequiredComponents (10ms)
	FinalizeReload (1013ms)
		ReleaseScriptCaches (0ms)
		RebuildScriptCaches (0ms)
		SetupLoadedEditorAssemblies (578ms)
			LogAssemblyErrors (0ms)
			InitializePlatformSupportModulesInManaged (6ms)
			SetLoadedEditorAssemblies (3ms)
			RefreshPlugins (0ms)
			BeforeProcessingInitializeOnLoad (67ms)
			ProcessInitializeOnLoadAttributes (463ms)
			ProcessInitializeOnLoadMethodAttributes (33ms)
			AfterProcessingInitializeOnLoad (6ms)
			EditorAssembliesLoaded (0ms)
		ExecutionOrderSort2 (0ms)
		AwakeInstancesAfterBackupRestoration (14ms)
Refreshing native plugins compatible for Editor in 3.80 ms, found 4 plugins.
Preloading 0 native plugins for Editor in 0.00 ms.
Unloading 4042 Unused Serialized files (Serialized files now loaded: 0)
Unloading 25 unused Assets / (213.8 KB). Loaded Objects now: 4548.
Memory consumption went from 141.4 MB to 141.2 MB.
Total: 3.604600 ms (FindLiveObjects: 0.310300 ms CreateObjectMapping: 0.248600 ms MarkObjects: 2.885300 ms  DeleteObjects: 0.158900 ms)

Prepare: number of updated asset objects reloaded= 0
AssetImportParameters requested are different than current active one (requested -> active):
  custom:container-demuxer-ogg: 62fdf1f143b41e24485cea50d1cbac27 -> 
  custom:scripting/monoscript/fileName/CombatReferences.cs: 009185993bfc2544a12c8761a7c25c5b -> 604cd3ed104ef4c355e9b9089576a985
  custom:scripting/monoscript/fileName/EfGlowstorm.cs: aef0d75453bddf81d78ef37f18035e62 -> f0e1b3a22255b859675ec1afdc623277
  custom:video-codec-MediaFoundation-h265: 746d11721c4dcdbdad8f713fa42b33f4 -> 
  custom:video-decoder-ogg-theora: a1e56fd34408186e4bbccfd4996cb3dc -> 
  custom:scripting/monoscript/fileName/EfCommander.cs: 097f180db6e1f316797f3c17e486a487 -> 4038a09e3429ae0a7499a69e87b92da7
  custom:framework-win-MediaFoundation: 216162199b28c13a410421893ffa2e32 -> 
  custom:scripting/monoscript/fileName/PlayerDeckMGR.cs: a6848a8543fa2764e58d2a95fed93d5f -> 7713045e5df4f75376ef7c4e367de964
  custom:scripting/monoscript/fileName/HordeFieldMGR.cs: ff974d30b0216a581c806a1928f24bde -> 6571e1ff57ff0a69a9949223fb72bb37
  custom:scripting/monoscript/fileName/CardEffectDetails.cs: 39edd0f07769cee4c2181f630f772c0d -> 449cec2c3c28ec12669655981be35bd3
  custom:scripting/monoscript/fileName/CardData.cs: 2d4348c966d297da604b29aa10c653e6 -> ff29352d81ab3a40706c7a187282264f
  custom:scripting/monoscript/fileName/EfBlessingOfKings.cs: b748a6c59b9c40564b7a5d339bee7e1f -> 8a7e8c6c8366693144493f99517b7849
  custom:CustomObjectIndexerAttribute: 9a22284fe3817be447336de3de66b15e -> 
  custom:container-demuxer-webm: 4f35f7cbe854078d1ac9338744f61a02 -> 
  custom:scripting/monoscript/fileName/HordeDeckMGR.cs: 1e193bda6e32aa3be3ad61c3ea107c98 -> 6ab9da335411151b5748f32dbf6e19a6
  custom:scripting/monoscript/fileName/EfMiretoad.cs: 9d5809086a52f28e02dd8af245b10718 -> 739ce60c65a5b8fac1d98e5414a76fe4
  custom:scripting/monoscript/fileName/CombatMGR.cs: 8fa9bc53fd833f99d0e4b4c3eb7cf4b5 -> a1a15c00aa20cbed57b350591ab13759
  custom:container-muxer-webm: aa71ff27fc2769a1b78a27578f13a17b -> 
  custom:scripting/monoscript/fileName/PlayerHandMGR.cs: 684cc48f01dfc04ca92c6cf01162d6cc -> 48993c0abe769fdc2fa73d65ab8df609
  custom:video-decoder-webm-vp8: 9c59270c3fd7afecdb556c50c9e8de78 -> 
  custom:SearchIndexIgnoredProperties: e643bd26f0fe6173181afceb89e7c659 -> 
  custom:AudioImporter_EditorPlatform: d09bf68614088b80899f8185d706f6e7 -> 
  custom:scripting/monoscript/fileName/TurnMGR.cs: 12b5d121e6331e63f7e12f351749a398 -> f9aabcadf51854e7d4f88cac4616813f
  custom:scripting/monoscript/fileName/CardDetails.cs: 77fd08159fa0825cafd08818f5d97afe -> dde40ddec343986a8317c936ee24e5ac
  custom:scripting/monoscript/fileName/Effect.cs: c7d94fc23adfad4a111a04199aa4ca5c -> 21395456d56b2db76788fed93b9fa697
  custom:scripting/monoscript/fileName/EfCroak.cs: e9048ffa7a935e7f962a0ff923b1cb27 -> d1e928a869ec90611b5f5ee8ca20672f
  custom:video-encoder-webm-vp8: eb34c28f22e8b96e1ab97ce403110664 -> 
  custom:audio-decoder-ogg-vorbis: bf7c407c2cedff20999df2af8eb42d56 -> 
  custom:scripting/monoscript/fileName/HandHover.cs: 68728fbfd73bf5ddf43501f0cb5a57a7 -> 9758fd2621128e848c52ad0a95167782
  custom:scripting/monoscript/fileName/CardStateCTRL.cs: 800862ae26550972e2f6d96687813412 -> baed96e89745838c31f758e2900c5bf3
  custom:scripting/monoscript/fileName/GraveyardMGR.cs: 503162c834d5b794587270d331270423 -> e94b37c82d0e57ec78938fa5125c0844
  custom:audio-encoder-webm-vorbis: bf7c407c2cedff20999df2af8eb42d56 -> 
  custom:scripting/monoscript/fileName/PlayerFieldMGR.cs: b0a98c25c5a0189782cbcaf942fd0a91 -> 4eb8ff45ceb166cd9891e42e61da8100
  custom:scripting/precompiled-assembly-types:Assembly-CSharp: 0d6d0571c0b18b8c77a03edae3837402 -> d6c373b37c0d320ed685648167180117
========================================================================
Received Prepare
Caller must complete domain reload
Begin MonoManager ReloadAssembly
- Loaded All Assemblies, in  0.457 seconds
Native extension for WindowsStandalone target not found
[Package Manager] Server::EnsureServerProcessIsRunning -- launch failed, reason: Unity was launched with the -noUpm command-line argument
[Package Manager] UpmClient::Send -- Unable to send message (not connected to UPM process).
[Package Manager] Cannot connect to Unity Package Manager local server
Mono: successfully reloaded assembly
- Finished resetting the current domain, in  1.080 seconds
Domain Reload Profiling: 1536ms
	BeginReloadAssembly (164ms)
		ExecutionOrderSort (0ms)
		DisableScriptedObjects (12ms)
		BackupInstance (0ms)
		ReleaseScriptingObjects (0ms)
		CreateAndSetChildDomain (34ms)
	RebuildCommonClasses (36ms)
	RebuildNativeTypeToScriptingClass (12ms)
	initialDomainReloadingComplete (30ms)
	LoadAllAssembliesAndSetupDomain (214ms)
		LoadAssemblies (287ms)
		RebuildTransferFunctionScriptingTraits (0ms)
		AnalyzeDomain (17ms)
			TypeCache.Refresh (8ms)
				TypeCache.ScanAssembly (0ms)
			ScanForSourceGeneratedMonoScriptInfo (0ms)
			ResolveRequiredComponents (8ms)
	FinalizeReload (1081ms)
		ReleaseScriptCaches (0ms)
		RebuildScriptCaches (0ms)
		SetupLoadedEditorAssemblies (624ms)
			LogAssemblyErrors (0ms)
			InitializePlatformSupportModulesInManaged (6ms)
			SetLoadedEditorAssemblies (4ms)
			RefreshPlugins (0ms)
			BeforeProcessingInitializeOnLoad (70ms)
			ProcessInitializeOnLoadAttributes (502ms)
			ProcessInitializeOnLoadMethodAttributes (36ms)
			AfterProcessingInitializeOnLoad (5ms)
			EditorAssembliesLoaded (0ms)
		ExecutionOrderSort2 (0ms)
		AwakeInstancesAfterBackupRestoration (16ms)
Refreshing native plugins compatible for Editor in 3.83 ms, found 4 plugins.
Preloading 0 native plugins for Editor in 0.00 ms.
Unloading 4042 Unused Serialized files (Serialized files now loaded: 0)
Unloading 25 unused Assets / (213.9 KB). Loaded Objects now: 4552.
Memory consumption went from 141.4 MB to 141.2 MB.
Total: 4.170400 ms (FindLiveObjects: 0.332500 ms CreateObjectMapping: 0.322300 ms MarkObjects: 3.333900 ms  DeleteObjects: 0.180600 ms)

Prepare: number of updated asset objects reloaded= 0
AssetImportParameters requested are different than current active one (requested -> active):
  custom:container-demuxer-ogg: 62fdf1f143b41e24485cea50d1cbac27 -> 
  custom:scripting/monoscript/fileName/CombatReferences.cs: 009185993bfc2544a12c8761a7c25c5b -> 604cd3ed104ef4c355e9b9089576a985
  custom:scripting/monoscript/fileName/EfGlowstorm.cs: aef0d75453bddf81d78ef37f18035e62 -> f0e1b3a22255b859675ec1afdc623277
  custom:video-codec-MediaFoundation-h265: 746d11721c4dcdbdad8f713fa42b33f4 -> 
  custom:video-decoder-ogg-theora: a1e56fd34408186e4bbccfd4996cb3dc -> 
  custom:scripting/monoscript/fileName/EfCommander.cs: 097f180db6e1f316797f3c17e486a487 -> 4038a09e3429ae0a7499a69e87b92da7
  custom:framework-win-MediaFoundation: 216162199b28c13a410421893ffa2e32 -> 
  custom:scripting/monoscript/fileName/PlayerDeckMGR.cs: a6848a8543fa2764e58d2a95fed93d5f -> 7713045e5df4f75376ef7c4e367de964
  custom:scripting/monoscript/fileName/HordeFieldMGR.cs: ff974d30b0216a581c806a1928f24bde -> 6571e1ff57ff0a69a9949223fb72bb37
  custom:scripting/monoscript/fileName/CardEffectDetails.cs: 39edd0f07769cee4c2181f630f772c0d -> 449cec2c3c28ec12669655981be35bd3
  custom:scripting/monoscript/fileName/CardData.cs: 2d4348c966d297da604b29aa10c653e6 -> ff29352d81ab3a40706c7a187282264f
  custom:scripting/monoscript/fileName/EfBlessingOfKings.cs: b748a6c59b9c40564b7a5d339bee7e1f -> 8a7e8c6c8366693144493f99517b7849
  custom:CustomObjectIndexerAttribute: 9a22284fe3817be447336de3de66b15e -> 
  custom:container-demuxer-webm: 4f35f7cbe854078d1ac9338744f61a02 -> 
  custom:scripting/monoscript/fileName/HordeDeckMGR.cs: 1e193bda6e32aa3be3ad61c3ea107c98 -> 6ab9da335411151b5748f32dbf6e19a6
  custom:scripting/monoscript/fileName/EfMiretoad.cs: 9d5809086a52f28e02dd8af245b10718 -> 739ce60c65a5b8fac1d98e5414a76fe4
  custom:scripting/monoscript/fileName/CombatMGR.cs: 8fa9bc53fd833f99d0e4b4c3eb7cf4b5 -> a1a15c00aa20cbed57b350591ab13759
  custom:container-muxer-webm: aa71ff27fc2769a1b78a27578f13a17b -> 
  custom:scripting/monoscript/fileName/PlayerHandMGR.cs: 684cc48f01dfc04ca92c6cf01162d6cc -> 48993c0abe769fdc2fa73d65ab8df609
  custom:video-decoder-webm-vp8: 9c59270c3fd7afecdb556c50c9e8de78 -> 
  custom:SearchIndexIgnoredProperties: e643bd26f0fe6173181afceb89e7c659 -> 
  custom:AudioImporter_EditorPlatform: d09bf68614088b80899f8185d706f6e7 -> 
  custom:scripting/monoscript/fileName/TurnMGR.cs: 12b5d121e6331e63f7e12f351749a398 -> f9aabcadf51854e7d4f88cac4616813f
  custom:scripting/monoscript/fileName/CardDetails.cs: 77fd08159fa0825cafd08818f5d97afe -> dde40ddec343986a8317c936ee24e5ac
  custom:scripting/monoscript/fileName/Effect.cs: c7d94fc23adfad4a111a04199aa4ca5c -> 21395456d56b2db76788fed93b9fa697
  custom:scripting/monoscript/fileName/EfCroak.cs: e9048ffa7a935e7f962a0ff923b1cb27 -> d1e928a869ec90611b5f5ee8ca20672f
  custom:video-encoder-webm-vp8: eb34c28f22e8b96e1ab97ce403110664 -> 
  custom:audio-decoder-ogg-vorbis: bf7c407c2cedff20999df2af8eb42d56 -> 
  custom:scripting/monoscript/fileName/HandHover.cs: 68728fbfd73bf5ddf43501f0cb5a57a7 -> 9758fd2621128e848c52ad0a95167782
  custom:scripting/monoscript/fileName/CardStateCTRL.cs: 800862ae26550972e2f6d96687813412 -> baed96e89745838c31f758e2900c5bf3
  custom:scripting/monoscript/fileName/GraveyardMGR.cs: 503162c834d5b794587270d331270423 -> e94b37c82d0e57ec78938fa5125c0844
  custom:audio-encoder-webm-vorbis: bf7c407c2cedff20999df2af8eb42d56 -> 
  custom:scripting/monoscript/fileName/PlayerFieldMGR.cs: b0a98c25c5a0189782cbcaf942fd0a91 -> 4eb8ff45ceb166cd9891e42e61da8100
  custom:scripting/precompiled-assembly-types:Assembly-CSharp: 0d6d0571c0b18b8c77a03edae3837402 -> d6c373b37c0d320ed685648167180117
